<?xml version="1.0" encoding="UTF-8"?>
<coverage generated="1529305533">
  <project timestamp="1529305533">
    <file name="/home/lioneil/Projects/pluma/core/submodules/Frontier/assets/threejs/examples/js/loaders/ctm/license/OpenCTM.txt">
      <line num="1" type="stmt" count="0"/>
      <metrics loc="20" ncloc="20" classes="0" methods="0" coveredmethods="0" conditionals="0" coveredconditionals="0" statements="1" coveredstatements="0" elements="1" coveredelements="0"/>
    </file>
    <file name="/home/lioneil/Projects/pluma/core/submodules/Frontier/assets/threejs/examples/js/loaders/ctm/license/js-lzma.txt">
      <line num="1" type="stmt" count="0"/>
      <metrics loc="19" ncloc="19" classes="0" methods="0" coveredmethods="0" conditionals="0" coveredconditionals="0" statements="1" coveredstatements="0" elements="1" coveredelements="0"/>
    </file>
    <file name="/home/lioneil/Projects/pluma/core/submodules/Frontier/assets/threejs/examples/js/loaders/ctm/license/js-openctm.txt">
      <line num="1" type="stmt" count="0"/>
      <metrics loc="19" ncloc="19" classes="0" methods="0" coveredmethods="0" conditionals="0" coveredconditionals="0" statements="1" coveredstatements="0" elements="1" coveredelements="0"/>
    </file>
    <file name="/home/lioneil/Projects/pluma/core/submodules/Frontier/assets/vue-resource/test/data/text.txt">
      <line num="1" type="stmt" count="0"/>
      <metrics loc="0" ncloc="0" classes="0" methods="0" coveredmethods="0" conditionals="0" coveredconditionals="0" statements="1" coveredstatements="0" elements="1" coveredelements="0"/>
    </file>
    <file name="/home/lioneil/Projects/pluma/core/submodules/Frontier/assets/vuetify-mediabox/node_modules/babel-core/node_modules/jsesc/LICENSE-MIT.txt">
      <line num="1" type="stmt" count="0"/>
      <metrics loc="20" ncloc="20" classes="0" methods="0" coveredmethods="0" conditionals="0" coveredconditionals="0" statements="1" coveredstatements="0" elements="1" coveredelements="0"/>
    </file>
    <file name="/home/lioneil/Projects/pluma/core/submodules/Frontier/assets/vuetify-mediabox/node_modules/babel-core/node_modules/mkdirp/bin/usage.txt">
      <line num="1" type="stmt" count="0"/>
      <metrics loc="12" ncloc="12" classes="0" methods="0" coveredmethods="0" conditionals="0" coveredconditionals="0" statements="1" coveredstatements="0" elements="1" coveredelements="0"/>
    </file>
    <file name="/home/lioneil/Projects/pluma/core/submodules/Frontier/assets/vuetify-mediabox/node_modules/babel-loader/node_modules/mkdirp/bin/usage.txt">
      <line num="1" type="stmt" count="0"/>
      <metrics loc="12" ncloc="12" classes="0" methods="0" coveredmethods="0" conditionals="0" coveredconditionals="0" statements="1" coveredstatements="0" elements="1" coveredelements="0"/>
    </file>
    <file name="/home/lioneil/Projects/pluma/core/submodules/Frontier/assets/vuetify-mediabox/node_modules/babel-preset-env/node_modules/jsesc/LICENSE-MIT.txt">
      <line num="1" type="stmt" count="0"/>
      <metrics loc="20" ncloc="20" classes="0" methods="0" coveredmethods="0" conditionals="0" coveredconditionals="0" statements="1" coveredstatements="0" elements="1" coveredelements="0"/>
    </file>
    <file name="/home/lioneil/Projects/pluma/core/submodules/Frontier/assets/vuetify-mediabox/node_modules/babel-preset-env/node_modules/regenerate/LICENSE-MIT.txt">
      <line num="1" type="stmt" count="0"/>
      <metrics loc="20" ncloc="20" classes="0" methods="0" coveredmethods="0" conditionals="0" coveredconditionals="0" statements="1" coveredstatements="0" elements="1" coveredelements="0"/>
    </file>
    <file name="/home/lioneil/Projects/pluma/core/submodules/Frontier/assets/vuetify-mediabox/node_modules/babel-preset-env/node_modules/regexpu-core/LICENSE-MIT.txt">
      <line num="1" type="stmt" count="0"/>
      <metrics loc="20" ncloc="20" classes="0" methods="0" coveredmethods="0" conditionals="0" coveredconditionals="0" statements="1" coveredstatements="0" elements="1" coveredelements="0"/>
    </file>
    <file name="/home/lioneil/Projects/pluma/core/submodules/Frontier/assets/vuetify-mediabox/node_modules/babel-preset-env/node_modules/regjsgen/LICENSE.txt">
      <line num="1" type="stmt" count="0"/>
      <metrics loc="20" ncloc="20" classes="0" methods="0" coveredmethods="0" conditionals="0" coveredconditionals="0" statements="1" coveredstatements="0" elements="1" coveredelements="0"/>
    </file>
    <file name="/home/lioneil/Projects/pluma/core/submodules/Frontier/assets/vuetify-mediabox/node_modules/cliui/LICENSE.txt">
      <line num="1" type="stmt" count="0"/>
      <metrics loc="14" ncloc="14" classes="0" methods="0" coveredmethods="0" conditionals="0" coveredconditionals="0" statements="1" coveredstatements="0" elements="1" coveredelements="0"/>
    </file>
    <file name="/home/lioneil/Projects/pluma/core/submodules/Frontier/assets/vuetify-mediabox/node_modules/cssesc/LICENSE-MIT.txt">
      <line num="1" type="stmt" count="0"/>
      <metrics loc="20" ncloc="20" classes="0" methods="0" coveredmethods="0" conditionals="0" coveredconditionals="0" statements="1" coveredstatements="0" elements="1" coveredelements="0"/>
    </file>
    <file name="/home/lioneil/Projects/pluma/core/submodules/Frontier/assets/vuetify-mediabox/node_modules/dashdash/LICENSE.txt">
      <line num="1" type="stmt" count="0"/>
      <metrics loc="24" ncloc="24" classes="0" methods="0" coveredmethods="0" conditionals="0" coveredconditionals="0" statements="1" coveredstatements="0" elements="1" coveredelements="0"/>
    </file>
    <file name="/home/lioneil/Projects/pluma/core/submodules/Frontier/assets/vuetify-mediabox/node_modules/globule/test/fixtures/expand/deep/deep.txt">
      <metrics loc="0" ncloc="0" classes="0" methods="0" coveredmethods="0" conditionals="0" coveredconditionals="0" statements="0" coveredstatements="0" elements="0" coveredelements="0"/>
    </file>
    <file name="/home/lioneil/Projects/pluma/core/submodules/Frontier/assets/vuetify-mediabox/node_modules/globule/test/fixtures/expand/deep/deeper/deeper.txt">
      <metrics loc="0" ncloc="0" classes="0" methods="0" coveredmethods="0" conditionals="0" coveredconditionals="0" statements="0" coveredstatements="0" elements="0" coveredelements="0"/>
    </file>
    <file name="/home/lioneil/Projects/pluma/core/submodules/Frontier/assets/vuetify-mediabox/node_modules/globule/test/fixtures/expand/deep/deeper/deepest/deepest.txt">
      <metrics loc="0" ncloc="0" classes="0" methods="0" coveredmethods="0" conditionals="0" coveredconditionals="0" statements="0" coveredstatements="0" elements="0" coveredelements="0"/>
    </file>
    <file name="/home/lioneil/Projects/pluma/core/submodules/Frontier/assets/vuetify-mediabox/node_modules/he/LICENSE-MIT.txt">
      <line num="1" type="stmt" count="0"/>
      <metrics loc="20" ncloc="20" classes="0" methods="0" coveredmethods="0" conditionals="0" coveredconditionals="0" statements="1" coveredstatements="0" elements="1" coveredelements="0"/>
    </file>
    <file name="/home/lioneil/Projects/pluma/core/submodules/Frontier/assets/vuetify-mediabox/node_modules/hoek/test/modules/ignore.txt">
      <metrics loc="0" ncloc="0" classes="0" methods="0" coveredmethods="0" conditionals="0" coveredconditionals="0" statements="0" coveredstatements="0" elements="0" coveredelements="0"/>
    </file>
    <file name="/home/lioneil/Projects/pluma/core/submodules/Frontier/assets/vuetify-mediabox/node_modules/js-beautify/js/test/resources/configerror/subDir1/subDir2/empty.txt">
      <metrics loc="0" ncloc="0" classes="0" methods="0" coveredmethods="0" conditionals="0" coveredconditionals="0" statements="0" coveredstatements="0" elements="0" coveredelements="0"/>
    </file>
    <file name="/home/lioneil/Projects/pluma/core/submodules/Frontier/assets/vuetify-mediabox/node_modules/js-beautify/js/test/resources/indent11chars/subDir1/subDir2/empty.txt">
      <metrics loc="0" ncloc="0" classes="0" methods="0" coveredmethods="0" conditionals="0" coveredconditionals="0" statements="0" coveredstatements="0" elements="0" coveredelements="0"/>
    </file>
    <file name="/home/lioneil/Projects/pluma/core/submodules/Frontier/assets/vuetify-mediabox/node_modules/js-beautify/node_modules/mkdirp/bin/usage.txt">
      <line num="1" type="stmt" count="0"/>
      <metrics loc="12" ncloc="12" classes="0" methods="0" coveredmethods="0" conditionals="0" coveredconditionals="0" statements="1" coveredstatements="0" elements="1" coveredelements="0"/>
    </file>
    <file name="/home/lioneil/Projects/pluma/core/submodules/Frontier/assets/vuetify-mediabox/node_modules/jsesc/LICENSE-MIT.txt">
      <line num="1" type="stmt" count="0"/>
      <metrics loc="20" ncloc="20" classes="0" methods="0" coveredmethods="0" conditionals="0" coveredconditionals="0" statements="1" coveredstatements="0" elements="1" coveredelements="0"/>
    </file>
    <file name="/home/lioneil/Projects/pluma/core/submodules/Frontier/assets/vuetify-mediabox/node_modules/lodash._basecopy/LICENSE.txt">
      <line num="1" type="stmt" count="0"/>
      <metrics loc="22" ncloc="22" classes="0" methods="0" coveredmethods="0" conditionals="0" coveredconditionals="0" statements="1" coveredstatements="0" elements="1" coveredelements="0"/>
    </file>
    <file name="/home/lioneil/Projects/pluma/core/submodules/Frontier/assets/vuetify-mediabox/node_modules/lodash._basevalues/LICENSE.txt">
      <line num="1" type="stmt" count="0"/>
      <metrics loc="22" ncloc="22" classes="0" methods="0" coveredmethods="0" conditionals="0" coveredconditionals="0" statements="1" coveredstatements="0" elements="1" coveredelements="0"/>
    </file>
    <file name="/home/lioneil/Projects/pluma/core/submodules/Frontier/assets/vuetify-mediabox/node_modules/lodash._createcompounder/LICENSE.txt">
      <line num="1" type="stmt" count="0"/>
      <metrics loc="22" ncloc="22" classes="0" methods="0" coveredmethods="0" conditionals="0" coveredconditionals="0" statements="1" coveredstatements="0" elements="1" coveredelements="0"/>
    </file>
    <file name="/home/lioneil/Projects/pluma/core/submodules/Frontier/assets/vuetify-mediabox/node_modules/lodash._isiterateecall/LICENSE.txt">
      <line num="1" type="stmt" count="0"/>
      <metrics loc="22" ncloc="22" classes="0" methods="0" coveredmethods="0" conditionals="0" coveredconditionals="0" statements="1" coveredstatements="0" elements="1" coveredelements="0"/>
    </file>
    <file name="/home/lioneil/Projects/pluma/core/submodules/Frontier/assets/vuetify-mediabox/node_modules/lodash._reescape/LICENSE.txt">
      <line num="1" type="stmt" count="0"/>
      <metrics loc="22" ncloc="22" classes="0" methods="0" coveredmethods="0" conditionals="0" coveredconditionals="0" statements="1" coveredstatements="0" elements="1" coveredelements="0"/>
    </file>
    <file name="/home/lioneil/Projects/pluma/core/submodules/Frontier/assets/vuetify-mediabox/node_modules/lodash._reevaluate/LICENSE.txt">
      <line num="1" type="stmt" count="0"/>
      <metrics loc="22" ncloc="22" classes="0" methods="0" coveredmethods="0" conditionals="0" coveredconditionals="0" statements="1" coveredstatements="0" elements="1" coveredelements="0"/>
    </file>
    <file name="/home/lioneil/Projects/pluma/core/submodules/Frontier/assets/vuetify-mediabox/node_modules/lodash._reinterpolate/LICENSE.txt">
      <line num="1" type="stmt" count="0"/>
      <metrics loc="22" ncloc="22" classes="0" methods="0" coveredmethods="0" conditionals="0" coveredconditionals="0" statements="1" coveredstatements="0" elements="1" coveredelements="0"/>
    </file>
    <file name="/home/lioneil/Projects/pluma/core/submodules/Frontier/assets/vuetify-mediabox/node_modules/lodash.camelcase/LICENSE.txt">
      <line num="1" type="stmt" count="0"/>
      <metrics loc="22" ncloc="22" classes="0" methods="0" coveredmethods="0" conditionals="0" coveredconditionals="0" statements="1" coveredstatements="0" elements="1" coveredelements="0"/>
    </file>
    <file name="/home/lioneil/Projects/pluma/core/submodules/Frontier/assets/vuetify-mediabox/node_modules/lodash.restparam/LICENSE.txt">
      <line num="1" type="stmt" count="0"/>
      <metrics loc="22" ncloc="22" classes="0" methods="0" coveredmethods="0" conditionals="0" coveredconditionals="0" statements="1" coveredstatements="0" elements="1" coveredelements="0"/>
    </file>
    <file name="/home/lioneil/Projects/pluma/core/submodules/Frontier/assets/vuetify-mediabox/node_modules/lodash/LICENSE.txt">
      <line num="1" type="stmt" count="0"/>
      <line num="22" type="stmt" count="0"/>
      <metrics loc="21" ncloc="21" classes="0" methods="0" coveredmethods="0" conditionals="0" coveredconditionals="0" statements="1" coveredstatements="0" elements="1" coveredelements="0"/>
    </file>
    <file name="/home/lioneil/Projects/pluma/core/submodules/Frontier/assets/vuetify-mediabox/node_modules/mkdirp/bin/usage.txt">
      <line num="1" type="stmt" count="0"/>
      <metrics loc="12" ncloc="12" classes="0" methods="0" coveredmethods="0" conditionals="0" coveredconditionals="0" statements="1" coveredstatements="0" elements="1" coveredelements="0"/>
    </file>
    <file name="/home/lioneil/Projects/pluma/core/submodules/Frontier/assets/vuetify-mediabox/node_modules/punycode/LICENSE-MIT.txt">
      <line num="1" type="stmt" count="0"/>
      <metrics loc="20" ncloc="20" classes="0" methods="0" coveredmethods="0" conditionals="0" coveredconditionals="0" statements="1" coveredstatements="0" elements="1" coveredelements="0"/>
    </file>
    <file name="/home/lioneil/Projects/pluma/core/submodules/Frontier/assets/vuetify-mediabox/node_modules/regenerate/LICENSE-MIT.txt">
      <line num="1" type="stmt" count="0"/>
      <metrics loc="20" ncloc="20" classes="0" methods="0" coveredmethods="0" conditionals="0" coveredconditionals="0" statements="1" coveredstatements="0" elements="1" coveredelements="0"/>
    </file>
    <file name="/home/lioneil/Projects/pluma/core/submodules/Frontier/assets/vuetify-mediabox/node_modules/regexpu-core/LICENSE-MIT.txt">
      <line num="1" type="stmt" count="0"/>
      <metrics loc="20" ncloc="20" classes="0" methods="0" coveredmethods="0" conditionals="0" coveredconditionals="0" statements="1" coveredstatements="0" elements="1" coveredelements="0"/>
    </file>
    <file name="/home/lioneil/Projects/pluma/core/submodules/Frontier/assets/vuetify-mediabox/node_modules/regjsgen/LICENSE.txt">
      <line num="1" type="stmt" count="0"/>
      <metrics loc="20" ncloc="20" classes="0" methods="0" coveredmethods="0" conditionals="0" coveredconditionals="0" statements="1" coveredstatements="0" elements="1" coveredelements="0"/>
    </file>
    <file name="/home/lioneil/Projects/pluma/core/submodules/Frontier/assets/vuetify-mediabox/node_modules/require-main-filename/LICENSE.txt">
      <line num="1" type="stmt" count="0"/>
      <metrics loc="14" ncloc="14" classes="0" methods="0" coveredmethods="0" conditionals="0" coveredconditionals="0" statements="1" coveredstatements="0" elements="1" coveredelements="0"/>
    </file>
    <file name="/home/lioneil/Projects/pluma/core/submodules/Frontier/assets/vuetify-mediabox/node_modules/semver/foot.js.txt">
      <metrics loc="6" ncloc="6" classes="0" methods="0" coveredmethods="0" conditionals="0" coveredconditionals="0" statements="0" coveredstatements="0" elements="0" coveredelements="0"/>
    </file>
    <file name="/home/lioneil/Projects/pluma/core/submodules/Frontier/assets/vuetify-mediabox/node_modules/semver/head.js.txt">
      <line num="1" type="stmt" count="0"/>
      <metrics loc="2" ncloc="2" classes="0" methods="0" coveredmethods="0" conditionals="0" coveredconditionals="0" statements="1" coveredstatements="0" elements="1" coveredelements="0"/>
    </file>
    <file name="/home/lioneil/Projects/pluma/core/submodules/Frontier/assets/vuetify-mediabox/node_modules/set-blocking/LICENSE.txt">
      <line num="1" type="stmt" count="0"/>
      <metrics loc="14" ncloc="14" classes="0" methods="0" coveredmethods="0" conditionals="0" coveredconditionals="0" statements="1" coveredstatements="0" elements="1" coveredelements="0"/>
    </file>
    <file name="/home/lioneil/Projects/pluma/core/submodules/Frontier/assets/vuetify-mediabox/node_modules/signal-exit/LICENSE.txt">
      <line num="1" type="stmt" count="0"/>
      <metrics loc="16" ncloc="16" classes="0" methods="0" coveredmethods="0" conditionals="0" coveredconditionals="0" statements="1" coveredstatements="0" elements="1" coveredelements="0"/>
    </file>
    <file name="/home/lioneil/Projects/pluma/core/submodules/Frontier/assets/vuetify-mediabox/node_modules/stringstream/LICENSE.txt">
      <line num="1" type="stmt" count="0"/>
      <metrics loc="22" ncloc="22" classes="0" methods="0" coveredmethods="0" conditionals="0" coveredconditionals="0" statements="1" coveredstatements="0" elements="1" coveredelements="0"/>
    </file>
    <file name="/home/lioneil/Projects/pluma/core/submodules/Frontier/assets/vuetify-mediabox/node_modules/vue-resource/test/data/text.txt">
      <line num="1" type="stmt" count="0"/>
      <metrics loc="0" ncloc="0" classes="0" methods="0" coveredmethods="0" conditionals="0" coveredconditionals="0" statements="1" coveredstatements="0" elements="1" coveredelements="0"/>
    </file>
    <file name="/home/lioneil/Projects/pluma/core/submodules/Frontier/assets/vuetify-mediabox/node_modules/webpack-dev-server/node_modules/cliui/LICENSE.txt">
      <line num="1" type="stmt" count="0"/>
      <metrics loc="14" ncloc="14" classes="0" methods="0" coveredmethods="0" conditionals="0" coveredconditionals="0" statements="1" coveredstatements="0" elements="1" coveredelements="0"/>
    </file>
    <file name="/home/lioneil/Projects/pluma/core/submodules/Frontier/assets/vuetify-mediabox/node_modules/webpack-dev-server/node_modules/mkdirp/bin/usage.txt">
      <line num="1" type="stmt" count="0"/>
      <metrics loc="12" ncloc="12" classes="0" methods="0" coveredmethods="0" conditionals="0" coveredconditionals="0" statements="1" coveredstatements="0" elements="1" coveredelements="0"/>
    </file>
    <file name="/home/lioneil/Projects/pluma/core/submodules/Frontier/assets/vuetify-mediabox/node_modules/webpack-dev-server/node_modules/node-forge/tests/result.txt">
      <line num="1" type="stmt" count="0"/>
      <metrics loc="1" ncloc="1" classes="0" methods="0" coveredmethods="0" conditionals="0" coveredconditionals="0" statements="1" coveredstatements="0" elements="1" coveredelements="0"/>
    </file>
    <file name="/home/lioneil/Projects/pluma/core/submodules/Frontier/assets/vuetify-mediabox/node_modules/webpack-dev-server/node_modules/path-is-inside/LICENSE.txt">
      <line num="1" type="stmt" count="0"/>
      <metrics loc="47" ncloc="47" classes="0" methods="0" coveredmethods="0" conditionals="0" coveredconditionals="0" statements="1" coveredstatements="0" elements="1" coveredelements="0"/>
    </file>
    <file name="/home/lioneil/Projects/pluma/core/submodules/Frontier/assets/vuetify-mediabox/node_modules/webpack-dev-server/node_modules/require-main-filename/LICENSE.txt">
      <line num="1" type="stmt" count="0"/>
      <metrics loc="14" ncloc="14" classes="0" methods="0" coveredmethods="0" conditionals="0" coveredconditionals="0" statements="1" coveredstatements="0" elements="1" coveredelements="0"/>
    </file>
    <file name="/home/lioneil/Projects/pluma/core/submodules/Frontier/assets/vuetify-mediabox/node_modules/webpack-dev-server/node_modules/set-blocking/LICENSE.txt">
      <line num="1" type="stmt" count="0"/>
      <metrics loc="14" ncloc="14" classes="0" methods="0" coveredmethods="0" conditionals="0" coveredconditionals="0" statements="1" coveredstatements="0" elements="1" coveredelements="0"/>
    </file>
    <file name="/home/lioneil/Projects/pluma/core/submodules/Frontier/assets/vuetify-mediabox/node_modules/webpack-dev-server/node_modules/signal-exit/LICENSE.txt">
      <line num="1" type="stmt" count="0"/>
      <metrics loc="16" ncloc="16" classes="0" methods="0" coveredmethods="0" conditionals="0" coveredconditionals="0" statements="1" coveredstatements="0" elements="1" coveredelements="0"/>
    </file>
    <file name="/home/lioneil/Projects/pluma/core/submodules/Frontier/assets/vuetify-mediabox/node_modules/webpack-dev-server/node_modules/yargs-parser/LICENSE.txt">
      <line num="1" type="stmt" count="0"/>
      <metrics loc="14" ncloc="14" classes="0" methods="0" coveredmethods="0" conditionals="0" coveredconditionals="0" statements="1" coveredstatements="0" elements="1" coveredelements="0"/>
    </file>
    <file name="/home/lioneil/Projects/pluma/core/submodules/Frontier/assets/vuetify-mediabox/node_modules/webpack/node_modules/browserify-zlib/test/fixtures/elipses.txt">
      <line num="1" type="stmt" count="0"/>
      <metrics loc="0" ncloc="0" classes="0" methods="0" coveredmethods="0" conditionals="0" coveredconditionals="0" statements="1" coveredstatements="0" elements="1" coveredelements="0"/>
    </file>
    <file name="/home/lioneil/Projects/pluma/core/submodules/Frontier/assets/vuetify-mediabox/node_modules/webpack/node_modules/browserify-zlib/test/fixtures/empty.txt">
      <metrics loc="1" ncloc="1" classes="0" methods="0" coveredmethods="0" conditionals="0" coveredconditionals="0" statements="0" coveredstatements="0" elements="0" coveredelements="0"/>
    </file>
    <file name="/home/lioneil/Projects/pluma/core/submodules/Frontier/assets/vuetify-mediabox/node_modules/webpack/node_modules/cliui/LICENSE.txt">
      <line num="1" type="stmt" count="0"/>
      <metrics loc="14" ncloc="14" classes="0" methods="0" coveredmethods="0" conditionals="0" coveredconditionals="0" statements="1" coveredstatements="0" elements="1" coveredelements="0"/>
    </file>
    <file name="/home/lioneil/Projects/pluma/core/submodules/Frontier/assets/vuetify-mediabox/node_modules/webpack/node_modules/mkdirp/bin/usage.txt">
      <line num="1" type="stmt" count="0"/>
      <metrics loc="12" ncloc="12" classes="0" methods="0" coveredmethods="0" conditionals="0" coveredconditionals="0" statements="1" coveredstatements="0" elements="1" coveredelements="0"/>
    </file>
    <file name="/home/lioneil/Projects/pluma/core/submodules/Frontier/assets/vuetify-mediabox/node_modules/webpack/node_modules/punycode/LICENSE-MIT.txt">
      <line num="1" type="stmt" count="0"/>
      <metrics loc="20" ncloc="20" classes="0" methods="0" coveredmethods="0" conditionals="0" coveredconditionals="0" statements="1" coveredstatements="0" elements="1" coveredelements="0"/>
    </file>
    <file name="/home/lioneil/Projects/pluma/core/submodules/Frontier/assets/vuetify-mediabox/node_modules/webpack/node_modules/require-main-filename/LICENSE.txt">
      <line num="1" type="stmt" count="0"/>
      <metrics loc="14" ncloc="14" classes="0" methods="0" coveredmethods="0" conditionals="0" coveredconditionals="0" statements="1" coveredstatements="0" elements="1" coveredelements="0"/>
    </file>
    <file name="/home/lioneil/Projects/pluma/core/submodules/Frontier/assets/vuetify-mediabox/node_modules/webpack/node_modules/set-blocking/LICENSE.txt">
      <line num="1" type="stmt" count="0"/>
      <metrics loc="14" ncloc="14" classes="0" methods="0" coveredmethods="0" conditionals="0" coveredconditionals="0" statements="1" coveredstatements="0" elements="1" coveredelements="0"/>
    </file>
    <file name="/home/lioneil/Projects/pluma/core/submodules/Frontier/assets/vuetify-mediabox/node_modules/webpack/node_modules/setimmediate/LICENSE.txt">
      <line num="1" type="stmt" count="0"/>
      <metrics loc="20" ncloc="20" classes="0" methods="0" coveredmethods="0" conditionals="0" coveredconditionals="0" statements="1" coveredstatements="0" elements="1" coveredelements="0"/>
    </file>
    <file name="/home/lioneil/Projects/pluma/core/submodules/Frontier/assets/vuetify-mediabox/node_modules/webpack/node_modules/stream-http/test/server/static/basic.txt">
      <line num="1" type="stmt" count="0"/>
      <metrics loc="19" ncloc="19" classes="0" methods="0" coveredmethods="0" conditionals="0" coveredconditionals="0" statements="1" coveredstatements="0" elements="1" coveredelements="0"/>
    </file>
    <file name="/home/lioneil/Projects/pluma/core/submodules/Frontier/assets/vuetify-mediabox/node_modules/webpack/node_modules/url/node_modules/punycode/LICENSE-MIT.txt">
      <line num="1" type="stmt" count="0"/>
      <metrics loc="20" ncloc="20" classes="0" methods="0" coveredmethods="0" conditionals="0" coveredconditionals="0" statements="1" coveredstatements="0" elements="1" coveredelements="0"/>
    </file>
    <file name="/home/lioneil/Projects/pluma/core/submodules/Frontier/assets/vuetify-mediabox/node_modules/webpack/node_modules/wordwrap/test/idleness.txt">
      <line num="1" type="stmt" count="0"/>
      <metrics loc="63" ncloc="63" classes="0" methods="0" coveredmethods="0" conditionals="0" coveredconditionals="0" statements="1" coveredstatements="0" elements="1" coveredelements="0"/>
    </file>
    <file name="/home/lioneil/Projects/pluma/core/submodules/Frontier/assets/vuetify-mediabox/node_modules/webpack/node_modules/yargs-parser/LICENSE.txt">
      <line num="1" type="stmt" count="0"/>
      <metrics loc="14" ncloc="14" classes="0" methods="0" coveredmethods="0" conditionals="0" coveredconditionals="0" statements="1" coveredstatements="0" elements="1" coveredelements="0"/>
    </file>
    <file name="/home/lioneil/Projects/pluma/core/submodules/Frontier/assets/vuetify-mediabox/node_modules/webpack/node_modules/yargs/node_modules/cliui/LICENSE.txt">
      <line num="1" type="stmt" count="0"/>
      <metrics loc="14" ncloc="14" classes="0" methods="0" coveredmethods="0" conditionals="0" coveredconditionals="0" statements="1" coveredstatements="0" elements="1" coveredelements="0"/>
    </file>
    <file name="/home/lioneil/Projects/pluma/core/submodules/Frontier/assets/vuetify-mediabox/node_modules/yargs-parser/LICENSE.txt">
      <line num="1" type="stmt" count="0"/>
      <metrics loc="14" ncloc="14" classes="0" methods="0" coveredmethods="0" conditionals="0" coveredconditionals="0" statements="1" coveredstatements="0" elements="1" coveredelements="0"/>
    </file>
    <metrics files="67" loc="1048" ncloc="1048" classes="0" methods="0" coveredmethods="0" conditionals="0" coveredconditionals="0" statements="59" coveredstatements="0" elements="59" coveredelements="0"/>
  </project>
</coverage>
